#
# There is insufficient memory for the Java Runtime Environment to continue.
# Native memory allocation (malloc) failed to allocate 716176 bytes for Chunk::new
# Possible reasons:
#   The system is out of physical RAM or swap space
#   In 32 bit mode, the process size limit was hit
# Possible solutions:
#   Reduce memory load on the system
#   Increase physical memory or swap space
#   Check if swap backing store is full
#   Use 64 bit Java on a 64 bit OS
#   Decrease Java heap size (-Xmx/-Xms)
#   Decrease number of Java threads
#   Decrease Java thread stack sizes (-Xss)
#   Set larger code cache with -XX:ReservedCodeCacheSize=
# This output file may be truncated or incomplete.
#
#  Out of Memory Error (allocation.cpp:390), pid=46736, tid=0x0000000000007550
#
# JRE version: Java(TM) SE Runtime Environment (8.0_181-b13) (build 1.8.0_181-b13)
# Java VM: Java HotSpot(TM) 64-Bit Server VM (25.181-b13 mixed mode windows-amd64 compressed oops)
# Failed to write core dump. Minidumps are not enabled by default on client versions of Windows
#

---------------  T H R E A D  ---------------

Current thread (0x00000000197da000):  JavaThread "C2 CompilerThread0" daemon [_thread_in_native, id=30032, stack(0x0000000019b30000,0x0000000019c30000)]

Stack: [0x0000000019b30000,0x0000000019c30000]
[error occurred during error reporting (printing stack bounds), id 0xc0000005]

Native frames: (J=compiled Java code, j=interpreted, Vv=VM code, C=native code)


Current CompileTask:
C2:   5215 2045   !   4       java.net.URL::<init> (543 bytes)


---------------  P R O C E S S  ---------------

Java Threads: ( => current thread )
  0x000000001b68e800 JavaThread "spark-listener-group-streams" daemon [_thread_blocked, id=3024, stack(0x0000000021990000,0x0000000021a90000)]
  0x000000001b68b800 JavaThread "spark-listener-group-shared" daemon [_thread_blocked, id=33172, stack(0x00000000206c0000,0x00000000207c0000)]
  0x000000001b682800 JavaThread "element-tracking-store-worker" daemon [_thread_blocked, id=41524, stack(0x000000001f5f0000,0x000000001f6f0000)]
  0x000000001b689000 JavaThread "spark-listener-group-executorManagement" daemon [_thread_blocked, id=42124, stack(0x000000001f2f0000,0x000000001f3f0000)]
  0x000000001b681800 JavaThread "spark-listener-group-appStatus" daemon [_thread_blocked, id=41212, stack(0x000000001f1f0000,0x000000001f2f0000)]
  0x000000001b688800 JavaThread "context-cleaner-periodic-gc" daemon [_thread_blocked, id=34304, stack(0x000000001f0f0000,0x000000001f1f0000)]
  0x000000001b687800 JavaThread "Spark Context Cleaner" daemon [_thread_blocked, id=25280, stack(0x000000001eff0000,0x000000001f0f0000)]
  0x000000001b680000 JavaThread "shuffle-server-5-1" daemon [_thread_in_native, id=32364, stack(0x000000001ecf0000,0x000000001edf0000)]
  0x000000001b681000 JavaThread "driver-heartbeater" daemon [_thread_blocked, id=44476, stack(0x000000001ebf0000,0x000000001ecf0000)]
  0x000000001b687000 JavaThread "dag-scheduler-event-loop" daemon [_thread_blocked, id=43388, stack(0x000000001eaf0000,0x000000001ebf0000)]
  0x000000001b67f800 JavaThread "netty-rpc-env-timeout" daemon [_thread_blocked, id=38940, stack(0x000000001e9f0000,0x000000001eaf0000)]
  0x000000001b686000 JavaThread "Timer-0" daemon [_thread_blocked, id=44012, stack(0x000000001e8f0000,0x000000001e9f0000)]
  0x000000001b684000 JavaThread "heartbeat-receiver-event-loop-thread" daemon [_thread_blocked, id=44892, stack(0x000000001e7f0000,0x000000001e8f0000)]
  0x000000001b685800 JavaThread "SparkUI-35" daemon [_thread_blocked, id=40136, stack(0x000000001e4f0000,0x000000001e5f0000)]
  0x000000001b683000 JavaThread "SparkUI-34" daemon [_thread_blocked, id=40240, stack(0x000000001e3f0000,0x000000001e4f0000)]
  0x000000001b684800 JavaThread "SparkUI-33" daemon [_thread_blocked, id=45328, stack(0x000000001e2f0000,0x000000001e3f0000)]
  0x000000001b664800 JavaThread "SparkUI-32" daemon [_thread_blocked, id=38280, stack(0x000000001e1f0000,0x000000001e2f0000)]
  0x000000001b663800 JavaThread "SparkUI-31" daemon [_thread_blocked, id=22936, stack(0x000000001e0f0000,0x000000001e1f0000)]
  0x000000001b663000 JavaThread "SparkUI-30-acceptor-0@640a5080-ServerConnector@6acda271{HTTP/1.1,[http/1.1]}{0.0.0.0:4040}" daemon [_thread_in_native, id=27376, stack(0x000000001dff0000,0x000000001e0f0000)]
  0x000000001b662000 JavaThread "SparkUI-29" daemon [_thread_in_native, id=39148, stack(0x000000001def0000,0x000000001dff0000)]
  0x000000001b661800 JavaThread "SparkUI-28" daemon [_thread_in_native, id=40756, stack(0x000000001ddf0000,0x000000001def0000)]
  0x000000001b660800 JavaThread "RemoteBlock-temp-file-clean-thread" daemon [_thread_blocked, id=41256, stack(0x000000001daf0000,0x000000001dbf0000)]
  0x000000001b660000 JavaThread "map-output-dispatcher-7" daemon [_thread_blocked, id=39528, stack(0x000000001d9f0000,0x000000001daf0000)]
  0x000000001b665000 JavaThread "map-output-dispatcher-6" daemon [_thread_blocked, id=46780, stack(0x000000001d8f0000,0x000000001d9f0000)]
  0x000000001b65f000 JavaThread "map-output-dispatcher-5" daemon [_thread_blocked, id=46232, stack(0x000000001d6f0000,0x000000001d7f0000)]
  0x000000001b65e000 JavaThread "map-output-dispatcher-4" daemon [_thread_blocked, id=39076, stack(0x000000001d5f0000,0x000000001d6f0000)]
  0x000000001b4d9800 JavaThread "map-output-dispatcher-3" daemon [_thread_blocked, id=12784, stack(0x000000001d4f0000,0x000000001d5f0000)]
  0x000000001b4d8800 JavaThread "map-output-dispatcher-2" daemon [_thread_blocked, id=44924, stack(0x000000001d3f0000,0x000000001d4f0000)]
  0x000000001b4c4800 JavaThread "map-output-dispatcher-1" daemon [_thread_blocked, id=3052, stack(0x000000001d2f0000,0x000000001d3f0000)]
  0x000000001b294000 JavaThread "map-output-dispatcher-0" daemon [_thread_blocked, id=39424, stack(0x000000001d1f0000,0x000000001d2f0000)]
  0x000000001a989000 JavaThread "rpc-server-3-1" daemon [_thread_in_native, id=40668, stack(0x000000001d0f0000,0x000000001d1f0000)]
  0x000000001a764800 JavaThread "dispatcher-event-loop-3" daemon [_thread_blocked, id=44800, stack(0x000000001cbf0000,0x000000001ccf0000)]
  0x000000001a763800 JavaThread "dispatcher-event-loop-2" daemon [_thread_blocked, id=10356, stack(0x000000001caf0000,0x000000001cbf0000)]
  0x000000001a763000 JavaThread "dispatcher-event-loop-1" daemon [_thread_blocked, id=14636, stack(0x000000001c9f0000,0x000000001caf0000)]
  0x000000001adcc800 JavaThread "dispatcher-event-loop-0" daemon [_thread_blocked, id=46496, stack(0x000000001c8f0000,0x000000001c9f0000)]
  0x000000001984c000 JavaThread "Service Thread" daemon [_thread_blocked, id=40360, stack(0x0000000019e30000,0x0000000019f30000)]
  0x0000000019839000 JavaThread "C1 CompilerThread2" daemon [_thread_blocked, id=44952, stack(0x0000000019d30000,0x0000000019e30000)]
  0x00000000197da800 JavaThread "C2 CompilerThread1" daemon [_thread_blocked, id=38692, stack(0x0000000019c30000,0x0000000019d30000)]
=>0x00000000197da000 JavaThread "C2 CompilerThread0" daemon [_thread_in_native, id=30032, stack(0x0000000019b30000,0x0000000019c30000)]
  0x000000001978e800 JavaThread "Monitor Ctrl-Break" daemon [_thread_in_native, id=42712, stack(0x0000000019a30000,0x0000000019b30000)]
  0x000000001788c000 JavaThread "Attach Listener" daemon [_thread_blocked, id=46064, stack(0x0000000019130000,0x0000000019230000)]
  0x0000000017879000 JavaThread "Signal Dispatcher" daemon [_thread_blocked, id=6316, stack(0x0000000019030000,0x0000000019130000)]
  0x0000000002bfe800 JavaThread "Finalizer" daemon [_thread_blocked, id=37244, stack(0x0000000018ad0000,0x0000000018bd0000)]
  0x0000000017829000 JavaThread "Reference Handler" daemon [_thread_blocked, id=43228, stack(0x00000000189d0000,0x0000000018ad0000)]
  0x0000000002b04000 JavaThread "main" [_thread_in_native, id=46824, stack(0x0000000002a00000,0x0000000002b00000)]

Other Threads:
  0x0000000017827800 VMThread [stack: 0x00000000188d0000,0x00000000189d0000] [id=42280]
  0x000000001994a000 WatcherThread [stack: 0x0000000019f30000,0x000000001a030000] [id=15000]

VM state:not at safepoint (normal execution)

VM Mutex/Monitor currently owned by a thread: None

Heap:
 PSYoungGen      total 111616K, used 39025K [0x00000000d5d00000, 0x00000000dd700000, 0x0000000100000000)
  eden space 102400K, 38% used [0x00000000d5d00000,0x00000000d831c560,0x00000000dc100000)
  from space 9216K, 0% used [0x00000000dcb80000,0x00000000dcb80000,0x00000000dd480000)
  to   space 10752K, 0% used [0x00000000dc100000,0x00000000dc100000,0x00000000dcb80000)
 ParOldGen       total 93696K, used 14425K [0x0000000081600000, 0x0000000087180000, 0x00000000d5d00000)
  object space 93696K, 15% used [0x0000000081600000,0x00000000824167e0,0x0000000087180000)
 Metaspace       used 37321K, capacity 37560K, committed 37976K, reserved 1081344K
  class space    used 5318K, capacity 5390K, committed 5504K, reserved 1048576K

Card table byte_map: [0x00000000120c0000,0x00000000124c0000] byte_map_base: 0x0000000011cb5000

Marking Bits: (ParMarkBitMap*) 0x000000005fba2d00
 Begin Bits: [0x0000000012b70000, 0x0000000014b18000)
 End Bits:   [0x0000000014b18000, 0x0000000016ac0000)

Polling page: 0x0000000000950000

CodeCache: size=245760Kb used=6921Kb max_used=6932Kb free=238838Kb
 bounds [0x0000000002d00000, 0x00000000033d0000, 0x0000000011d00000]
 total_blobs=2578 nmethods=2073 adapters=417
 compilation: enabled

Compilation events (10 events):
Event: 5.093 Thread 0x0000000019839000 2052       3       scala.collection.mutable.HashTable$$anon$1::next (5 bytes)
Event: 5.093 Thread 0x0000000019839000 nmethod 2052 0x00000000033b4690 code [0x00000000033b4800, 0x00000000033b4a08]
Event: 5.093 Thread 0x0000000019839000 2054       3       scala.collection.mutable.DefaultEntry::<init> (19 bytes)
Event: 5.093 Thread 0x0000000019839000 nmethod 2054 0x00000000033b4a90 code [0x00000000033b4c00, 0x00000000033b4e30]
Event: 5.093 Thread 0x0000000019839000 2055       3       scala.collection.mutable.HashEntry$class::$init$ (1 bytes)
Event: 5.093 Thread 0x0000000019839000 nmethod 2055 0x00000000033b4f10 code [0x00000000033b5060, 0x00000000033b5190]
Event: 5.093 Thread 0x0000000019839000 2056       3       scala.collection.mutable.HashTable$class::scala$collection$mutable$HashTable$$addEntry0 (73 bytes)
Event: 5.093 Thread 0x0000000019839000 nmethod 2056 0x00000000033b5210 code [0x00000000033b53e0, 0x00000000033b5e98]
Event: 5.097 Thread 0x00000000197da800 2058       4       java.lang.String::substring (56 bytes)
Event: 5.101 Thread 0x00000000197da800 nmethod 2058 0x00000000033b9210 code [0x00000000033b9380, 0x00000000033b9738]

GC Heap History (10 events):
Event: 3.036 GC heap before
{Heap before GC invocations=4 (full 0):
 PSYoungGen      total 38400K, used 24338K [0x00000000d5d00000, 0x00000000da800000, 0x0000000100000000)
  eden space 33280K, 57% used [0x00000000d5d00000,0x00000000d6fc63e0,0x00000000d7d80000)
  from space 5120K, 99% used [0x00000000d7d80000,0x00000000d827e810,0x00000000d8280000)
  to   space 5120K, 0% used [0x00000000da300000,0x00000000da300000,0x00000000da800000)
 ParOldGen       total 87552K, used 3458K [0x0000000081600000, 0x0000000086b80000, 0x00000000d5d00000)
  object space 87552K, 3% used [0x0000000081600000,0x00000000819608f8,0x0000000086b80000)
 Metaspace       used 20845K, capacity 21012K, committed 21248K, reserved 1067008K
  class space    used 2900K, capacity 2974K, committed 3072K, reserved 1048576K
Event: 3.042 GC heap after
Heap after GC invocations=4 (full 0):
 PSYoungGen      total 71680K, used 5116K [0x00000000d5d00000, 0x00000000da800000, 0x0000000100000000)
  eden space 66560K, 0% used [0x00000000d5d00000,0x00000000d5d00000,0x00000000d9e00000)
  from space 5120K, 99% used [0x00000000da300000,0x00000000da7ff228,0x00000000da800000)
  to   space 5120K, 0% used [0x00000000d9e00000,0x00000000d9e00000,0x00000000da300000)
 ParOldGen       total 87552K, used 4788K [0x0000000081600000, 0x0000000086b80000, 0x00000000d5d00000)
  object space 87552K, 5% used [0x0000000081600000,0x0000000081aad190,0x0000000086b80000)
 Metaspace       used 20845K, capacity 21012K, committed 21248K, reserved 1067008K
  class space    used 2900K, capacity 2974K, committed 3072K, reserved 1048576K
}
Event: 3.042 GC heap before
{Heap before GC invocations=5 (full 1):
 PSYoungGen      total 71680K, used 5116K [0x00000000d5d00000, 0x00000000da800000, 0x0000000100000000)
  eden space 66560K, 0% used [0x00000000d5d00000,0x00000000d5d00000,0x00000000d9e00000)
  from space 5120K, 99% used [0x00000000da300000,0x00000000da7ff228,0x00000000da800000)
  to   space 5120K, 0% used [0x00000000d9e00000,0x00000000d9e00000,0x00000000da300000)
 ParOldGen       total 87552K, used 4788K [0x0000000081600000, 0x0000000086b80000, 0x00000000d5d00000)
  object space 87552K, 5% used [0x0000000081600000,0x0000000081aad190,0x0000000086b80000)
 Metaspace       used 20845K, capacity 21012K, committed 21248K, reserved 1067008K
  class space    used 2900K, capacity 2974K, committed 3072K, reserved 1048576K
Event: 3.072 GC heap after
Heap after GC invocations=5 (full 1):
 PSYoungGen      total 71680K, used 0K [0x00000000d5d00000, 0x00000000da800000, 0x0000000100000000)
  eden space 66560K, 0% used [0x00000000d5d00000,0x00000000d5d00000,0x00000000d9e00000)
  from space 5120K, 0% used [0x00000000da300000,0x00000000da300000,0x00000000da800000)
  to   space 5120K, 0% used [0x00000000d9e00000,0x00000000d9e00000,0x00000000da300000)
 ParOldGen       total 55808K, used 6345K [0x0000000081600000, 0x0000000084c80000, 0x00000000d5d00000)
  object space 55808K, 11% used [0x0000000081600000,0x0000000081c32588,0x0000000084c80000)
 Metaspace       used 20845K, capacity 21012K, committed 21248K, reserved 1067008K
  class space    used 2900K, capacity 2974K, committed 3072K, reserved 1048576K
}
Event: 4.169 GC heap before
{Heap before GC invocations=6 (full 1):
 PSYoungGen      total 71680K, used 66560K [0x00000000d5d00000, 0x00000000da800000, 0x0000000100000000)
  eden space 66560K, 100% used [0x00000000d5d00000,0x00000000d9e00000,0x00000000d9e00000)
  from space 5120K, 0% used [0x00000000da300000,0x00000000da300000,0x00000000da800000)
  to   space 5120K, 0% used [0x00000000d9e00000,0x00000000d9e00000,0x00000000da300000)
 ParOldGen       total 55808K, used 6345K [0x0000000081600000, 0x0000000084c80000, 0x00000000d5d00000)
  object space 55808K, 11% used [0x0000000081600000,0x0000000081c32588,0x0000000084c80000)
 Metaspace       used 29922K, capacity 30154K, committed 30592K, reserved 1075200K
  class space    used 4120K, capacity 4203K, committed 4224K, reserved 1048576K
Event: 4.179 GC heap after
Heap after GC invocations=6 (full 1):
 PSYoungGen      total 71680K, used 5094K [0x00000000d5d00000, 0x00000000dd480000, 0x0000000100000000)
  eden space 66560K, 0% used [0x00000000d5d00000,0x00000000d5d00000,0x00000000d9e00000)
  from space 5120K, 99% used [0x00000000d9e00000,0x00000000da2f9ac8,0x00000000da300000)
  to   space 9216K, 0% used [0x00000000dcb80000,0x00000000dcb80000,0x00000000dd480000)
 ParOldGen       total 55808K, used 10812K [0x0000000081600000, 0x0000000084c80000, 0x00000000d5d00000)
  object space 55808K, 19% used [0x0000000081600000,0x000000008208f050,0x0000000084c80000)
 Metaspace       used 29922K, capacity 30154K, committed 30592K, reserved 1075200K
  class space    used 4120K, capacity 4203K, committed 4224K, reserved 1048576K
}
Event: 4.958 GC heap before
{Heap before GC invocations=7 (full 1):
 PSYoungGen      total 71680K, used 62044K [0x00000000d5d00000, 0x00000000dd480000, 0x0000000100000000)
  eden space 66560K, 85% used [0x00000000d5d00000,0x00000000d949d778,0x00000000d9e00000)
  from space 5120K, 99% used [0x00000000d9e00000,0x00000000da2f9ac8,0x00000000da300000)
  to   space 9216K, 0% used [0x00000000dcb80000,0x00000000dcb80000,0x00000000dd480000)
 ParOldGen       total 55808K, used 10812K [0x0000000081600000, 0x0000000084c80000, 0x00000000d5d00000)
  object space 55808K, 19% used [0x0000000081600000,0x000000008208f050,0x0000000084c80000)
 Metaspace       used 34795K, capacity 35032K, committed 35416K, reserved 1079296K
  class space    used 4819K, capacity 4910K, committed 4992K, reserved 1048576K
Event: 4.967 GC heap after
Heap after GC invocations=7 (full 1):
 PSYoungGen      total 111616K, used 9208K [0x00000000d5d00000, 0x00000000dd700000, 0x0000000100000000)
  eden space 102400K, 0% used [0x00000000d5d00000,0x00000000d5d00000,0x00000000dc100000)
  from space 9216K, 99% used [0x00000000dcb80000,0x00000000dd47e3e8,0x00000000dd480000)
  to   space 10752K, 0% used [0x00000000dc100000,0x00000000dc100000,0x00000000dcb80000)
 ParOldGen       total 55808K, used 11826K [0x0000000081600000, 0x0000000084c80000, 0x00000000d5d00000)
  object space 55808K, 21% used [0x0000000081600000,0x000000008218cbd0,0x0000000084c80000)
 Metaspace       used 34795K, capacity 35032K, committed 35416K, reserved 1079296K
  class space    used 4819K, capacity 4910K, committed 4992K, reserved 1048576K
}
Event: 4.967 GC heap before
{Heap before GC invocations=8 (full 2):
 PSYoungGen      total 111616K, used 9208K [0x00000000d5d00000, 0x00000000dd700000, 0x0000000100000000)
  eden space 102400K, 0% used [0x00000000d5d00000,0x00000000d5d00000,0x00000000dc100000)
  from space 9216K, 99% used [0x00000000dcb80000,0x00000000dd47e3e8,0x00000000dd480000)
  to   space 10752K, 0% used [0x00000000dc100000,0x00000000dc100000,0x00000000dcb80000)
 ParOldGen       total 55808K, used 11826K [0x0000000081600000, 0x0000000084c80000, 0x00000000d5d00000)
  object space 55808K, 21% used [0x0000000081600000,0x000000008218cbd0,0x0000000084c80000)
 Metaspace       used 34795K, capacity 35032K, committed 35416K, reserved 1079296K
  class space    used 4819K, capacity 4910K, committed 4992K, reserved 1048576K
Event: 5.011 GC heap after
Heap after GC invocations=8 (full 2):
 PSYoungGen      total 111616K, used 0K [0x00000000d5d00000, 0x00000000dd700000, 0x0000000100000000)
  eden space 102400K, 0% used [0x00000000d5d00000,0x00000000d5d00000,0x00000000dc100000)
  from space 9216K, 0% used [0x00000000dcb80000,0x00000000dcb80000,0x00000000dd480000)
  to   space 10752K, 0% used [0x00000000dc100000,0x00000000dc100000,0x00000000dcb80000)
 ParOldGen       total 93696K, used 14425K [0x0000000081600000, 0x0000000087180000, 0x00000000d5d00000)
  object space 93696K, 15% used [0x0000000081600000,0x00000000824167e0,0x0000000087180000)
 Metaspace       used 34795K, capacity 35032K, committed 35416K, reserved 1079296K
  class space    used 4819K, capacity 4910K, committed 4992K, reserved 1048576K
}

Deoptimization events (10 events):
Event: 2.324 Thread 0x0000000002b04000 Uncommon trap: reason=unstable_if action=reinterpret pc=0x00000000030a7428 method=com.sun.org.apache.xerces.internal.impl.XMLEntityScanner.skipSpaces()Z @ 14
Event: 2.325 Thread 0x0000000002b04000 Uncommon trap: reason=unstable_if action=reinterpret pc=0x0000000003092a40 method=com.sun.org.apache.xerces.internal.impl.io.UTF8Reader.read([CII)I @ 131
Event: 2.519 Thread 0x0000000002b04000 Uncommon trap: reason=unstable_if action=reinterpret pc=0x00000000030f1024 method=java.util.concurrent.ConcurrentHashMap.addCount(JI)V @ 121
Event: 3.736 Thread 0x0000000002b04000 Uncommon trap: reason=unstable_if action=reinterpret pc=0x000000000320aa70 method=java.util.jar.Manifest$FastInputStream.readLine([BII)I @ 87
Event: 3.832 Thread 0x0000000002b04000 Uncommon trap: reason=unstable_if action=reinterpret pc=0x0000000003126288 method=sun.net.www.protocol.jar.Handler.parseURL(Ljava/net/URL;Ljava/lang/String;II)V @ 94
Event: 3.932 Thread 0x0000000002b04000 Uncommon trap: reason=unstable_if action=reinterpret pc=0x0000000003293ad0 method=java.lang.reflect.Method.equals(Ljava/lang/Object;)Z @ 49
Event: 4.300 Thread 0x0000000002b04000 Uncommon trap: reason=unstable_if action=reinterpret pc=0x000000000313a26c method=com.sun.org.apache.xerces.internal.impl.XMLEntityScanner.skipSpaces()Z @ 303
Event: 4.300 Thread 0x0000000002b04000 Uncommon trap: reason=unstable_if action=reinterpret pc=0x00000000030a9bfc method=com.sun.org.apache.xerces.internal.impl.XMLEntityScanner.peekChar()I @ 51
Event: 4.300 Thread 0x0000000002b04000 Uncommon trap: reason=unstable_if action=reinterpret pc=0x00000000030dc8d8 method=com.sun.org.apache.xerces.internal.impl.XMLEntityScanner.scanContent(Lcom/sun/org/apache/xerces/internal/xni/XMLString;)I @ 127
Event: 4.300 Thread 0x0000000002b04000 Uncommon trap: reason=unstable_if action=reinterpret pc=0x000000000304a9ec method=com.sun.org.apache.xerces.internal.impl.XMLEntityScanner.peekChar()I @ 51

Classes redefined (0 events):
No events

Internal exceptions (10 events):
Event: 3.010 Thread 0x0000000002b04000 Exception <a 'java/lang/NoSuchFieldError': method resolution failed> (0x00000000d6dae220) thrown at [C:\re\workspace\8-2-build-windows-amd64-cygwin\jdk8u181\11358\hotspot\src\share\vm\prims\methodHandles.cpp, line 1167]
Event: 3.699 Thread 0x0000000002b04000 Exception <a 'java/lang/NullPointerException'> (0x00000000d73208e8) thrown at [C:\re\workspace\8-2-build-windows-amd64-cygwin\jdk8u181\11358\hotspot\src\share\vm\interpreter\linkResolver.cpp, line 1185]
Event: 3.926 Thread 0x0000000002b04000 Exception <a 'java/lang/ArrayIndexOutOfBoundsException'> (0x00000000d8641be8) thrown at [C:\re\workspace\8-2-build-windows-amd64-cygwin\jdk8u181\11358\hotspot\src\share\vm\runtime\sharedRuntime.cpp, line 605]
Event: 3.926 Thread 0x0000000002b04000 Exception <a 'java/lang/ArrayIndexOutOfBoundsException'> (0x00000000d8642e90) thrown at [C:\re\workspace\8-2-build-windows-amd64-cygwin\jdk8u181\11358\hotspot\src\share\vm\runtime\sharedRuntime.cpp, line 605]
Event: 3.927 Thread 0x0000000002b04000 Exception <a 'java/lang/ArrayIndexOutOfBoundsException'> (0x00000000d8646668) thrown at [C:\re\workspace\8-2-build-windows-amd64-cygwin\jdk8u181\11358\hotspot\src\share\vm\runtime\sharedRuntime.cpp, line 605]
Event: 3.931 Thread 0x0000000002b04000 Exception <a 'java/lang/ArrayIndexOutOfBoundsException'> (0x00000000d8670b30) thrown at [C:\re\workspace\8-2-build-windows-amd64-cygwin\jdk8u181\11358\hotspot\src\share\vm\runtime\sharedRuntime.cpp, line 605]
Event: 3.931 Thread 0x0000000002b04000 Exception <a 'java/lang/ArrayIndexOutOfBoundsException'> (0x00000000d8672890) thrown at [C:\re\workspace\8-2-build-windows-amd64-cygwin\jdk8u181\11358\hotspot\src\share\vm\runtime\sharedRuntime.cpp, line 605]
Event: 3.931 Thread 0x0000000002b04000 Exception <a 'java/lang/ArrayIndexOutOfBoundsException'> (0x00000000d8673f30) thrown at [C:\re\workspace\8-2-build-windows-amd64-cygwin\jdk8u181\11358\hotspot\src\share\vm\runtime\sharedRuntime.cpp, line 605]
Event: 3.935 Thread 0x0000000002b04000 Exception <a 'java/lang/ArrayIndexOutOfBoundsException'> (0x00000000d869eb90) thrown at [C:\re\workspace\8-2-build-windows-amd64-cygwin\jdk8u181\11358\hotspot\src\share\vm\runtime\sharedRuntime.cpp, line 605]
Event: 3.939 Thread 0x0000000002b04000 Exception <a 'java/lang/ArrayIndexOutOfBoundsException'> (0x00000000d86ba728) thrown at [C:\re\workspace\8-2-build-windows-amd64-cygwin\jdk8u181\11358\hotspot\src\share\vm\runtime\sharedRuntime.cpp, line 605]

Events (10 events):
Event: 5.175 loading class org/apache/spark/sql/execution/streaming/StreamExecution
Event: 5.175 loading class org/apache/spark/sql/execution/streaming/StreamExecution done
Event: 5.176 loading class org/apache/spark/sql/streaming/StreamingQuery
Event: 5.176 loading class org/apache/spark/sql/streaming/StreamingQuery done
Event: 5.176 loading class org/apache/spark/sql/execution/streaming/ProgressReporter
Event: 5.176 loading class org/apache/spark/sql/execution/streaming/ProgressReporter done
Event: 5.176 loading class org/apache/spark/sql/execution/streaming/continuous/ContinuousExecution
Event: 5.176 loading class org/apache/spark/sql/execution/streaming/continuous/ContinuousExecution done
Event: 5.177 loading class org/apache/spark/sql/execution/streaming/MicroBatchExecution
Event: 5.177 loading class org/apache/spark/sql/execution/streaming/MicroBatchExecution done


Dynamic libraries:
0x00007ff735c70000 - 0x00007ff735ca7000 	C:\Program Files\Java\jdk1.8.0_181\bin\java.exe
0x00007ffc231b0000 - 0x00007ffc23391000 	C:\WINDOWS\SYSTEM32\ntdll.dll
0x00007ffc230c0000 - 0x00007ffc23172000 	C:\WINDOWS\System32\KERNEL32.DLL
0x00007ffc1f580000 - 0x00007ffc1f7f3000 	C:\WINDOWS\System32\KERNELBASE.dll
0x00007ffc20970000 - 0x00007ffc20a11000 	C:\WINDOWS\System32\ADVAPI32.dll
0x00007ffc21aa0000 - 0x00007ffc21b3e000 	C:\WINDOWS\System32\msvcrt.dll
0x00007ffc21560000 - 0x00007ffc215bb000 	C:\WINDOWS\System32\sechost.dll
0x00007ffc20af0000 - 0x00007ffc20c14000 	C:\WINDOWS\System32\RPCRT4.dll
0x00007ffc20640000 - 0x00007ffc207d0000 	C:\WINDOWS\System32\USER32.dll
0x00007ffc1fb50000 - 0x00007ffc1fb70000 	C:\WINDOWS\System32\win32u.dll
0x00007ffc218f0000 - 0x00007ffc21918000 	C:\WINDOWS\System32\GDI32.dll
0x00007ffc204a0000 - 0x00007ffc20632000 	C:\WINDOWS\System32\gdi32full.dll
0x00007ffc20350000 - 0x00007ffc203ef000 	C:\WINDOWS\System32\msvcp_win.dll
0x00007ffc1f800000 - 0x00007ffc1f8fa000 	C:\WINDOWS\System32\ucrtbase.dll
0x00007ffc13f50000 - 0x00007ffc141b9000 	C:\WINDOWS\WinSxS\amd64_microsoft.windows.common-controls_6595b64144ccf1df_6.0.17134.472_none_fb3f9af53068156d\COMCTL32.dll
0x00007ffc20c80000 - 0x00007ffc20fa2000 	C:\WINDOWS\System32\combase.dll
0x00007ffc1fbc0000 - 0x00007ffc1fc3a000 	C:\WINDOWS\System32\bcryptPrimitives.dll
0x00007ffc21b40000 - 0x00007ffc21b6d000 	C:\WINDOWS\System32\IMM32.DLL
0x000000005fc30000 - 0x000000005fd02000 	C:\Program Files\Java\jdk1.8.0_181\jre\bin\msvcr100.dll
0x000000005f380000 - 0x000000005fc22000 	C:\Program Files\Java\jdk1.8.0_181\jre\bin\server\jvm.dll
0x00007ffc21a10000 - 0x00007ffc21a18000 	C:\WINDOWS\System32\PSAPI.DLL
0x00007ffc10a50000 - 0x00007ffc10a59000 	C:\WINDOWS\SYSTEM32\WSOCK32.dll
0x00007ffc23050000 - 0x00007ffc230bc000 	C:\WINDOWS\System32\WS2_32.dll
0x00007ffc1d3c0000 - 0x00007ffc1d3e3000 	C:\WINDOWS\SYSTEM32\WINMM.dll
0x00007ffc141d0000 - 0x00007ffc141da000 	C:\WINDOWS\SYSTEM32\VERSION.dll
0x00007ffc1d390000 - 0x00007ffc1d3ba000 	C:\WINDOWS\SYSTEM32\winmmbase.dll
0x00007ffc1fb70000 - 0x00007ffc1fbb9000 	C:\WINDOWS\System32\cfgmgr32.dll
0x000000005f370000 - 0x000000005f37f000 	C:\Program Files\Java\jdk1.8.0_181\jre\bin\verify.dll
0x000000005f340000 - 0x000000005f369000 	C:\Program Files\Java\jdk1.8.0_181\jre\bin\java.dll
0x000000005eec0000 - 0x000000005eee3000 	C:\Program Files\Java\jdk1.8.0_181\jre\bin\instrument.dll
0x000000005f320000 - 0x000000005f336000 	C:\Program Files\Java\jdk1.8.0_181\jre\bin\zip.dll
0x00007ffc21b70000 - 0x00007ffc22fb0000 	C:\WINDOWS\System32\SHELL32.dll
0x00007ffc21840000 - 0x00007ffc218e9000 	C:\WINDOWS\System32\shcore.dll
0x00007ffc1fc40000 - 0x00007ffc2034d000 	C:\WINDOWS\System32\windows.storage.dll
0x00007ffc20c20000 - 0x00007ffc20c71000 	C:\WINDOWS\System32\shlwapi.dll
0x00007ffc1f560000 - 0x00007ffc1f571000 	C:\WINDOWS\System32\kernel.appcore.dll
0x00007ffc1f540000 - 0x00007ffc1f55f000 	C:\WINDOWS\System32\profapi.dll
0x00007ffc1f4d0000 - 0x00007ffc1f51c000 	C:\WINDOWS\System32\powrprof.dll
0x00007ffc1f4c0000 - 0x00007ffc1f4ca000 	C:\WINDOWS\System32\FLTLIB.DLL
0x00007ffc1a280000 - 0x00007ffc1a29a000 	D:\IntelliJ IDEA 2019.1\bin\breakgen64.dll
0x000000005f300000 - 0x000000005f31a000 	C:\Program Files\Java\jdk1.8.0_181\jre\bin\net.dll
0x00007ffc1ed20000 - 0x00007ffc1ed86000 	C:\WINDOWS\system32\mswsock.dll
0x00007ffc1af50000 - 0x00007ffc1af66000 	C:\WINDOWS\system32\napinsp.dll
0x00007ffc12d90000 - 0x00007ffc12daa000 	C:\WINDOWS\system32\pnrpnsp.dll
0x00007ffc1ccf0000 - 0x00007ffc1cd09000 	C:\WINDOWS\system32\NLAapi.dll
0x00007ffc1eae0000 - 0x00007ffc1eb9e000 	C:\WINDOWS\SYSTEM32\DNSAPI.dll
0x00007ffc216b0000 - 0x00007ffc216b8000 	C:\WINDOWS\System32\NSI.dll
0x00007ffc1eaa0000 - 0x00007ffc1ead8000 	C:\WINDOWS\SYSTEM32\IPHLPAPI.DLL
0x00007ffc1cd10000 - 0x00007ffc1cd1e000 	C:\WINDOWS\System32\winrnr.dll
0x00007ffc19460000 - 0x00007ffc1946a000 	C:\Windows\System32\rasadhlp.dll
0x00007ffc19cd0000 - 0x00007ffc19d42000 	C:\WINDOWS\System32\fwpuclnt.dll
0x00007ffc1f000000 - 0x00007ffc1f025000 	C:\WINDOWS\SYSTEM32\bcrypt.dll
0x000000005eeb0000 - 0x000000005eebd000 	C:\Program Files\Java\jdk1.8.0_181\jre\bin\management.dll
0x000000005eea0000 - 0x000000005eea9000 	C:\Program Files\Java\jdk1.8.0_181\jre\bin\w2k_lsa_auth.dll
0x00007ffc0d150000 - 0x00007ffc0d15c000 	C:\WINDOWS\SYSTEM32\Secur32.dll
0x00007ffc1f3f0000 - 0x00007ffc1f420000 	C:\WINDOWS\SYSTEM32\SSPICLI.DLL
0x00007ffc1a260000 - 0x00007ffc1a27d000 	D:\hadoop-2.8.1\bin\hadoop.dll
0x00007ffc1e630000 - 0x00007ffc1e67b000 	C:\WINDOWS\SYSTEM32\AUTHZ.dll
0x00007ffc15410000 - 0x00007ffc15427000 	C:\WINDOWS\SYSTEM32\NETAPI32.dll
0x00007ffc1eba0000 - 0x00007ffc1ebae000 	C:\WINDOWS\SYSTEM32\NETUTILS.DLL
0x00007ffc19cb0000 - 0x00007ffc19cc8000 	C:\WINDOWS\SYSTEM32\SAMCLI.DLL
0x000000005ee90000 - 0x000000005ee98000 	C:\Program Files\Java\jdk1.8.0_181\jre\bin\jaas_nt.dll
0x000000005f2e0000 - 0x000000005f2f1000 	C:\Program Files\Java\jdk1.8.0_181\jre\bin\nio.dll
0x00007ffc1eee0000 - 0x00007ffc1eef7000 	C:\WINDOWS\SYSTEM32\CRYPTSP.dll
0x00007ffc1e8a0000 - 0x00007ffc1e8d3000 	C:\WINDOWS\system32\rsaenh.dll
0x00007ffc1f3c0000 - 0x00007ffc1f3e8000 	C:\WINDOWS\SYSTEM32\USERENV.dll
0x00007ffc1eed0000 - 0x00007ffc1eedb000 	C:\WINDOWS\SYSTEM32\CRYPTBASE.dll
0x00007ffc1a9f0000 - 0x00007ffc1aa06000 	C:\WINDOWS\SYSTEM32\dhcpcsvc6.DLL
0x00007ffc1a9d0000 - 0x00007ffc1a9ea000 	C:\WINDOWS\SYSTEM32\dhcpcsvc.DLL

VM Arguments:
jvm_args: -javaagent:D:\IntelliJ IDEA 2019.1\lib\idea_rt.jar=52928:D:\IntelliJ IDEA 2019.1\bin -Dfile.encoding=UTF-8 
java_command: Hive.HiveOnSpark
java_class_path (initial): C:\Program Files\Java\jdk1.8.0_181\jre\lib\charsets.jar;C:\Program Files\Java\jdk1.8.0_181\jre\lib\deploy.jar;C:\Program Files\Java\jdk1.8.0_181\jre\lib\ext\access-bridge-64.jar;C:\Program Files\Java\jdk1.8.0_181\jre\lib\ext\cldrdata.jar;C:\Program Files\Java\jdk1.8.0_181\jre\lib\ext\dnsns.jar;C:\Program Files\Java\jdk1.8.0_181\jre\lib\ext\jaccess.jar;C:\Program Files\Java\jdk1.8.0_181\jre\lib\ext\jfxrt.jar;C:\Program Files\Java\jdk1.8.0_181\jre\lib\ext\localedata.jar;C:\Program Files\Java\jdk1.8.0_181\jre\lib\ext\nashorn.jar;C:\Program Files\Java\jdk1.8.0_181\jre\lib\ext\sunec.jar;C:\Program Files\Java\jdk1.8.0_181\jre\lib\ext\sunjce_provider.jar;C:\Program Files\Java\jdk1.8.0_181\jre\lib\ext\sunmscapi.jar;C:\Program Files\Java\jdk1.8.0_181\jre\lib\ext\sunpkcs11.jar;C:\Program Files\Java\jdk1.8.0_181\jre\lib\ext\zipfs.jar;C:\Program Files\Java\jdk1.8.0_181\jre\lib\javaws.jar;C:\Program Files\Java\jdk1.8.0_181\jre\lib\jce.jar;C:\Program Files\Java\jdk1.8.0_181\jre\lib\jfr.jar;C:\Program Files\Java\jdk1.8.0_181\jre\lib\jfxswt.jar;C:\Program Files\Java\jdk1.8.0_181\jre\lib\jsse.jar;C:\Program Files\Java\jdk1.8.0_181\jre\lib\management-agent.jar;C:\Program Files\Java\jdk1.8.0_181\jre\lib\plugin.jar;C:\Program Files\Java\jdk1.8.0_181\jre\lib\resources.jar;C:\Program Files\Java\jdk1.8.0_181\jre\lib\rt.jar;E:\SparkLearn\target\classes;C:\Users\Administrator\.m2\repository\org\scala-lang\scala-library\2.11.8\scala-library-2.11.8.jar;C:\Users\Administrator\.m2\repository\org\apache\spark\spark-core_2.11\2.4.0\spark-core_2.11-2.4.0.jar;C:\Users\Administrator\.m2\repository\org\apache\avro\avro\1.8.2\avro-1.8.2.jar;C:\Users\Administrator\.m2\repository\org\codehaus\jackson\jackson-core-asl\1.9.13\jackson-core-asl-1.9.13.jar;C:\Users\Administrator\.m2\repository\com\thoughtworks\paranamer\paranamer\2.7\paranamer-2.7.jar;C:\Users\Administrator\.m2\repository\org\apache\commons\commons-compress\1.8.1\commons-compress-1.8.1.jar;C:\Users\Administrator\
Launcher Type: SUN_STANDARD

Environment Variables:
JAVA_HOME=D:\Java\jdk-10.0.2
JRE_HOME=D:\Java\jre
CLASSPATH=D:\Java\jdk-10.0.2\lib\tools.jar;D:\apache-tomcat-9.0.10-windows-x64\apache-tomcat-9.0.10\lib\servlet-api.jar
PATH=C:\Program Files (x86)\Common Files\Oracle\Java\javapath;C:\WINDOWS\system32;C:\WINDOWS;C:\WINDOWS\System32\Wbem;C:\WINDOWS\System32\WindowsPowerShell\v1.0\;D:\Microsoft VS Code\bin;C:\Program Files\dotnet\;D:\Go\bin;E:\gopath\bin;D:\apache-tomcat-9.0.10-windows-x64\apache-tomcat-9.0.10\bin;D:\apache-tomcat-9.0.10-windows-x64\apache-tomcat-9.0.10\lib;D:\Java\jdk-10.0.2\bin;D:\Java\jre\bin;D:\apache-tomcat-9.0.10-windows-x64\apache-tomcat-9.0.10\bin;D:\Git\cmd;D:\Git\bin;C:\WINDOWS\System32\OpenSSH\;D:\common;D:\MinGW\bin;D:\scala\bin;D:\hadoop-2.8.1\bin;C:\Users\Administrator\AppData\Local\Microsoft\WindowsApps;E:\gopath\bin;C:\Users\Administrator\AppData\Local\BypassRuntm
USERNAME=Administrator
OS=Windows_NT
PROCESSOR_IDENTIFIER=Intel64 Family 6 Model 94 Stepping 3, GenuineIntel



---------------  S Y S T E M  ---------------

OS: Windows 10.0 , 64 bit Build 17134 (10.0.17134.1)

CPU:total 4 (initial active 4) (4 cores per cpu, 1 threads per core) family 6 model 94 stepping 3, cmov, cx8, fxsr, mmx, sse, sse2, sse3, ssse3, sse4.1, sse4.2, popcnt, avx, avx2, aes, clmul, erms, 3dnowpref, lzcnt, tsc, tscinvbit, bmi1, bmi2, adx

Memory: 4k page, physical 8294564k(804336k free), swap 21299100k(9588k free)

vm_info: Java HotSpot(TM) 64-Bit Server VM (25.181-b13) for windows-amd64 JRE (1.8.0_181-b13), built on Jul  7 2018 04:01:33 by "java_re" with MS VC++ 10.0 (VS2010)

time: Sat Apr 20 15:13:22 2019
elapsed time: 5 seconds (0d 0h 0m 5s)

